<!DOCTYPE html>

<html>
  <head>
  <meta charset='utf-8'>
  <title>TestNG reports</title>

    <link type="text/css" href="testng-reports.css" rel="stylesheet" />  
    <script type="text/javascript" src="jquery-1.7.1.min.js"></script>
    <script type="text/javascript" src="testng-reports.js"></script>
    <script type="text/javascript" src="https://www.google.com/jsapi"></script>
    <script type='text/javascript'>
      google.load('visualization', '1', {packages:['table']});
      google.setOnLoadCallback(drawTable);
      var suiteTableInitFunctions = new Array();
      var suiteTableData = new Array();
    </script>
    <!--
      <script type="text/javascript" src="jquery-ui/js/jquery-ui-1.8.16.custom.min.js"></script>
     -->
  </head>

  <body>
    <div class="top-banner-root">
      <span class="top-banner-title-font">Test results</span>
      <br/>
      <span class="top-banner-font-1">1 suite, 11 failed tests</span>
    </div> <!-- top-banner-root -->
    <div class="navigator-root">
      <div class="navigator-suite-header">
        <span>All suites</span>
        <a href="#" class="collapse-all-link" title="Collapse/expand all the suites">
          <img class="collapse-all-icon" src="collapseall.gif">
          </img> <!-- collapse-all-icon -->
        </a> <!-- collapse-all-link -->
      </div> <!-- navigator-suite-header -->
      <div class="suite">
        <div class="rounded-window">
          <div class="suite-header light-rounded-window-top">
            <a href="#" class="navigator-link" panel-name="suite-Default_suite">
              <span class="suite-name border-failed">Default suite</span>
            </a> <!-- navigator-link -->
          </div> <!-- suite-header light-rounded-window-top -->
          <div class="navigator-suite-content">
            <div class="suite-section-title">
              <span>Info</span>
            </div> <!-- suite-section-title -->
            <div class="suite-section-content">
              <ul>
                <li>
                  <a href="#" class="navigator-link " panel-name="test-xml-Default_suite">
                    <span>C:\Users\sijoy\AppData\Local\Temp\testng-eclipse--1789548596\testng-customsuite.xml</span>
                  </a> <!-- navigator-link  -->
                </li>
                <li>
                  <a href="#" class="navigator-link " panel-name="testlist-Default_suite">
                    <span class="test-stats">1 test</span>
                  </a> <!-- navigator-link  -->
                </li>
                <li>
                  <a href="#" class="navigator-link " panel-name="group-Default_suite">
                    <span>0 groups</span>
                  </a> <!-- navigator-link  -->
                </li>
                <li>
                  <a href="#" class="navigator-link " panel-name="times-Default_suite">
                    <span>Times</span>
                  </a> <!-- navigator-link  -->
                </li>
                <li>
                  <a href="#" class="navigator-link " panel-name="reporter-Default_suite">
                    <span>Reporter output</span>
                  </a> <!-- navigator-link  -->
                </li>
                <li>
                  <a href="#" class="navigator-link " panel-name="ignored-methods-Default_suite">
                    <span>Ignored methods</span>
                  </a> <!-- navigator-link  -->
                </li>
                <li>
                  <a href="#" class="navigator-link " panel-name="chronological-Default_suite">
                    <span>Chronological view</span>
                  </a> <!-- navigator-link  -->
                </li>
              </ul>
            </div> <!-- suite-section-content -->
            <div class="result-section">
              <div class="suite-section-title">
                <span>Results</span>
              </div> <!-- suite-section-title -->
              <div class="suite-section-content">
                <ul>
                  <li>
                    <span class="method-stats">14 methods, 11 failed,   3 passed</span>
                  </li>
                  <li>
                    <span class="method-list-title failed">Failed methods</span>
                    <span class="show-or-hide-methods failed">
                      <a href="#" panel-name="suite-Default_suite" class="hide-methods failed suite-Default_suite"> (hide)</a> <!-- hide-methods failed suite-Default_suite -->
                      <a href="#" panel-name="suite-Default_suite" class="show-methods failed suite-Default_suite"> (show)</a> <!-- show-methods failed suite-Default_suite -->
                    </span>
                    <div class="method-list-content failed suite-Default_suite">
                      <span>
                        <img width="3%" src="failed.png"/>
                        <a href="#" class="method navigator-link" panel-name="suite-Default_suite" title="com.carinsurance.testcases.TestGetCarQuote" hash-for-method="GetQuote({Drivers Age=35, State=3, Gender=Male, Year=-2022, TestCase.No=8, Email=b@yahoo.com, Make=3})">GetQuote({Drivers Age=35, State=3, Gender=Male, Year=-2022, TestCase.No=8, Email=b@yahoo.com, Make=3})</a> <!-- method navigator-link -->
                      </span>
                      <br/>
                      <span>
                        <img width="3%" src="failed.png"/>
                        <a href="#" class="method navigator-link" panel-name="suite-Default_suite" title="com.carinsurance.testcases.TestGetCarQuote" hash-for-method="GetQuote({Drivers Age=eeee.eeee, State=5, Gender=Male, Year=2017, TestCase.No=10, Email=xtz@gmail.com, Make=4...)">GetQuote({Drivers Age=eeee.eeee, State=5, Gender=Male, Year=2017, TestCase.No=10, Email=xtz@gmail.com, Make=4...)</a> <!-- method navigator-link -->
                      </span>
                      <br/>
                      <span>
                        <img width="3%" src="failed.png"/>
                        <a href="#" class="method navigator-link" panel-name="suite-Default_suite" title="com.carinsurance.testcases.TestGetCarQuote" hash-for-method="GetQuote({Drivers Age=-25, State=2, Gender=Male, Year=2011, TestCase.No=7, Email=a@gmail.com, Make=2})">GetQuote({Drivers Age=-25, State=2, Gender=Male, Year=2011, TestCase.No=7, Email=a@gmail.com, Make=2})</a> <!-- method navigator-link -->
                      </span>
                      <br/>
                      <span>
                        <img width="3%" src="failed.png"/>
                        <a href="#" class="method navigator-link" panel-name="suite-Default_suite" title="com.carinsurance.testcases.TestGetCarQuote" hash-for-method="GetQuote({Drivers Age=Testage, State=4, Gender=Female, Year=2015, TestCase.No=9, Email=c@abc.com, Make=3})">GetQuote({Drivers Age=Testage, State=4, Gender=Female, Year=2015, TestCase.No=9, Email=c@abc.com, Make=3})</a> <!-- method navigator-link -->
                      </span>
                      <br/>
                      <span>
                        <img width="3%" src="failed.png"/>
                        <a href="#" class="method navigator-link" panel-name="suite-Default_suite" title="com.carinsurance.testcases.TestGetCarQuote" hash-for-method="GetQuote({Drivers Age=356, State=5, Gender=Female, Year=20116, TestCase.No=6, Email=ac, Make=4})">GetQuote({Drivers Age=356, State=5, Gender=Female, Year=20116, TestCase.No=6, Email=ac, Make=4})</a> <!-- method navigator-link -->
                      </span>
                      <br/>
                      <span>
                        <img width="3%" src="failed.png"/>
                        <a href="#" class="method navigator-link" panel-name="suite-Default_suite" title="com.carinsurance.testcases.TestGetCarQuote" hash-for-method="GetQuote({Drivers Age=33, State=3, Gender=Female, Year=eeee.eeee, TestCase.No=11, Email=gh@gmail.com, Make=4})">GetQuote({Drivers Age=33, State=3, Gender=Female, Year=eeee.eeee, TestCase.No=11, Email=gh@gmail.com, Make=4})</a> <!-- method navigator-link -->
                      </span>
                      <br/>
                      <span>
                        <img width="3%" src="failed.png"/>
                        <a href="#" class="method navigator-link" panel-name="suite-Default_suite" title="com.carinsurance.testcases.TestGetCarQuote" hash-for-method="GetQuote({Drivers Age=65, State=3, Gender=Male, Year=2015, TestCase.No=14, Email=gh@gmailcom, Make=2})">GetQuote({Drivers Age=65, State=3, Gender=Male, Year=2015, TestCase.No=14, Email=gh@gmailcom, Make=2})</a> <!-- method navigator-link -->
                      </span>
                      <br/>
                      <span>
                        <img width="3%" src="failed.png"/>
                        <a href="#" class="method navigator-link" panel-name="suite-Default_suite" title="com.carinsurance.testcases.TestGetCarQuote" hash-for-method="GetQuote({Drivers Age=238, State=4, Gender=Female, Year=2015, TestCase.No=4, Email=normal@gmail.com, Make=3})">GetQuote({Drivers Age=238, State=4, Gender=Female, Year=2015, TestCase.No=4, Email=normal@gmail.com, Make=3})</a> <!-- method navigator-link -->
                      </span>
                      <br/>
                      <span>
                        <img width="3%" src="failed.png"/>
                        <a href="#" class="method navigator-link" panel-name="suite-Default_suite" title="com.carinsurance.testcases.TestGetCarQuote" hash-for-method="GetQuote({Drivers Age=20, State=3, Gender=, Year=201478, TestCase.No=3, Email=normal@gmail.com, Make=3})">GetQuote({Drivers Age=20, State=3, Gender=, Year=201478, TestCase.No=3, Email=normal@gmail.com, Make=3})</a> <!-- method navigator-link -->
                      </span>
                      <br/>
                      <span>
                        <img width="3%" src="failed.png"/>
                        <a href="#" class="method navigator-link" panel-name="suite-Default_suite" title="com.carinsurance.testcases.TestGetCarQuote" hash-for-method="GetQuote({Drivers Age=0, State=3, Gender=Female, Year=2015, TestCase.No=12, Email=gh@gmail.com, Make=2})">GetQuote({Drivers Age=0, State=3, Gender=Female, Year=2015, TestCase.No=12, Email=gh@gmail.com, Make=2})</a> <!-- method navigator-link -->
                      </span>
                      <br/>
                      <span>
                        <img width="3%" src="failed.png"/>
                        <a href="#" class="method navigator-link" panel-name="suite-Default_suite" title="com.carinsurance.testcases.TestGetCarQuote" hash-for-method="GetQuote({Drivers Age=44, State=4, Gender=Female, Year=0, TestCase.No=13, Email=abcgh@gmail.com, Make=3})">GetQuote({Drivers Age=44, State=4, Gender=Female, Year=0, TestCase.No=13, Email=abcgh@gmail.com, Make=3})</a> <!-- method navigator-link -->
                      </span>
                      <br/>
                    </div> <!-- method-list-content failed suite-Default_suite -->
                  </li>
                  <li>
                    <span class="method-list-title passed">Passed methods</span>
                    <span class="show-or-hide-methods passed">
                      <a href="#" panel-name="suite-Default_suite" class="hide-methods passed suite-Default_suite"> (hide)</a> <!-- hide-methods passed suite-Default_suite -->
                      <a href="#" panel-name="suite-Default_suite" class="show-methods passed suite-Default_suite"> (show)</a> <!-- show-methods passed suite-Default_suite -->
                    </span>
                    <div class="method-list-content passed suite-Default_suite">
                      <span>
                        <img width="3%" src="passed.png"/>
                        <a href="#" class="method navigator-link" panel-name="suite-Default_suite" title="com.carinsurance.testcases.TestGetCarQuote" hash-for-method="GetQuote({Drivers Age=, State=2, Gender=Male, Year=2013, TestCase.No=2, Email=normal@gmail.com, Make=2})">GetQuote({Drivers Age=, State=2, Gender=Male, Year=2013, TestCase.No=2, Email=normal@gmail.com, Make=2})</a> <!-- method navigator-link -->
                      </span>
                      <br/>
                      <span>
                        <img width="3%" src="passed.png"/>
                        <a href="#" class="method navigator-link" panel-name="suite-Default_suite" title="com.carinsurance.testcases.TestGetCarQuote" hash-for-method="GetQuote({Drivers Age=34, State=5, Gender=Female, Year=2016, TestCase.No=5, Email=abc@gmail.com, Make=4})">GetQuote({Drivers Age=34, State=5, Gender=Female, Year=2016, TestCase.No=5, Email=abc@gmail.com, Make=4})</a> <!-- method navigator-link -->
                      </span>
                      <br/>
                      <span>
                        <img width="3%" src="passed.png"/>
                        <a href="#" class="method navigator-link" panel-name="suite-Default_suite" title="com.carinsurance.testcases.TestGetCarQuote" hash-for-method="GetQuote({Drivers Age=45, State=1, Gender=Female, Year=2000, TestCase.No=1, Email=, Make=1})">GetQuote({Drivers Age=45, State=1, Gender=Female, Year=2000, TestCase.No=1, Email=, Make=1})</a> <!-- method navigator-link -->
                      </span>
                      <br/>
                    </div> <!-- method-list-content passed suite-Default_suite -->
                  </li>
                </ul>
              </div> <!-- suite-section-content -->
            </div> <!-- result-section -->
          </div> <!-- navigator-suite-content -->
        </div> <!-- rounded-window -->
      </div> <!-- suite -->
    </div> <!-- navigator-root -->
    <div class="wrapper">
      <div class="main-panel-root">
        <div panel-name="suite-Default_suite" class="panel Default_suite">
          <div class="suite-Default_suite-class-failed">
            <div class="main-panel-header rounded-window-top">
              <img src="failed.png"/>
              <span class="class-name">com.carinsurance.testcases.TestGetCarQuote</span>
            </div> <!-- main-panel-header rounded-window-top -->
            <div class="main-panel-content rounded-window-bottom">
              <div class="method">
                <div class="method-content">
                  <a name="GetQuote({Drivers Age=35, State=3, Gender=Male, Year=-2022, TestCase.No=8, Email=b@yahoo.com, Make=3})">
                  </a> <!-- GetQuote({Drivers Age=35, State=3, Gender=Male, Year=-2022, TestCase.No=8, Email=b@yahoo.com, Make=3}) -->
                  <span class="method-name">GetQuote</span>
                  <span class="parameters">({Drivers Age=35, State=3, Gender=Male, Year=-2022, TestCase.No=8, Email=b@yahoo.com, Make=3})</span>
                  <div class="stack-trace">java.lang.AssertionError: The application proceded inspite of invalid entry in the YEAR field. The entered year is -2022
 expected [true] but found [false]
	at org.testng.Assert.fail(Assert.java:94)
	at org.testng.Assert.failNotEquals(Assert.java:513)
	at org.testng.Assert.assertTrue(Assert.java:42)
	at com.carinsurance.testcases.TestGetCarQuote.GetQuote(TestGetCarQuote.java:120)
	at sun.reflect.NativeMethodAccessorImpl.invoke0(Native Method)
	at sun.reflect.NativeMethodAccessorImpl.invoke(Unknown Source)
	at sun.reflect.DelegatingMethodAccessorImpl.invoke(Unknown Source)
	at java.lang.reflect.Method.invoke(Unknown Source)
	at org.testng.internal.MethodInvocationHelper.invokeMethod(MethodInvocationHelper.java:100)
	at org.testng.internal.Invoker.invokeMethod(Invoker.java:646)
	at org.testng.internal.Invoker.invokeTestMethod(Invoker.java:811)
	at org.testng.internal.Invoker.invokeTestMethods(Invoker.java:1129)
	at org.testng.internal.TestMethodWorker.invokeTestMethods(TestMethodWorker.java:129)
	at org.testng.internal.TestMethodWorker.run(TestMethodWorker.java:112)
	at org.testng.TestRunner.privateRun(TestRunner.java:746)
	at org.testng.TestRunner.run(TestRunner.java:600)
	at org.testng.SuiteRunner.runTest(SuiteRunner.java:366)
	at org.testng.SuiteRunner.runSequentially(SuiteRunner.java:361)
	at org.testng.SuiteRunner.privateRun(SuiteRunner.java:319)
	at org.testng.SuiteRunner.run(SuiteRunner.java:268)
	at org.testng.SuiteRunnerWorker.runSuite(SuiteRunnerWorker.java:52)
	at org.testng.SuiteRunnerWorker.run(SuiteRunnerWorker.java:86)
	at org.testng.TestNG.runSuitesSequentially(TestNG.java:1264)
	at org.testng.TestNG.runSuitesLocally(TestNG.java:1189)
	at org.testng.TestNG.runSuites(TestNG.java:1104)
	at org.testng.TestNG.run(TestNG.java:1076)
	at org.testng.remote.AbstractRemoteTestNG.run(AbstractRemoteTestNG.java:126)
	at org.testng.remote.RemoteTestNG.initAndRun(RemoteTestNG.java:152)
	at org.testng.remote.RemoteTestNG.main(RemoteTestNG.java:57)

</div> <!-- stack-trace -->
                </div> <!-- method-content -->
              </div> <!-- method -->
              <div class="method">
                <div class="method-content">
                  <a name="GetQuote({Drivers Age=eeee.eeee, State=5, Gender=Male, Year=2017, TestCase.No=10, Email=xtz@gmail.com, Make=4...)">
                  </a> <!-- GetQuote({Drivers Age=eeee.eeee, State=5, Gender=Male, Year=2017, TestCase.No=10, Email=xtz@gmail.com, Make=4...) -->
                  <span class="method-name">GetQuote</span>
                  <span class="parameters">({Drivers Age=eeee.eeee, State=5, Gender=Male, Year=2017, TestCase.No=10, Email=xtz@gmail.com, Make=4})</span>
                  <div class="stack-trace">java.lang.AssertionError:  Age Entered is eeee.eeee expected [Valid age is required. Numeric, bigger than zero.] but found []
	at org.testng.Assert.fail(Assert.java:94)
	at org.testng.Assert.failNotEquals(Assert.java:513)
	at org.testng.Assert.assertEqualsImpl(Assert.java:135)
	at org.testng.Assert.assertEquals(Assert.java:116)
	at org.testng.Assert.assertEquals(Assert.java:190)
	at com.carinsurance.testcases.TestGetCarQuote.GetQuote(TestGetCarQuote.java:66)
	at sun.reflect.NativeMethodAccessorImpl.invoke0(Native Method)
	at sun.reflect.NativeMethodAccessorImpl.invoke(Unknown Source)
	at sun.reflect.DelegatingMethodAccessorImpl.invoke(Unknown Source)
	at java.lang.reflect.Method.invoke(Unknown Source)
	at org.testng.internal.MethodInvocationHelper.invokeMethod(MethodInvocationHelper.java:100)
	at org.testng.internal.Invoker.invokeMethod(Invoker.java:646)
	at org.testng.internal.Invoker.invokeTestMethod(Invoker.java:811)
	at org.testng.internal.Invoker.invokeTestMethods(Invoker.java:1129)
	at org.testng.internal.TestMethodWorker.invokeTestMethods(TestMethodWorker.java:129)
	at org.testng.internal.TestMethodWorker.run(TestMethodWorker.java:112)
	at org.testng.TestRunner.privateRun(TestRunner.java:746)
	at org.testng.TestRunner.run(TestRunner.java:600)
	at org.testng.SuiteRunner.runTest(SuiteRunner.java:366)
	at org.testng.SuiteRunner.runSequentially(SuiteRunner.java:361)
	at org.testng.SuiteRunner.privateRun(SuiteRunner.java:319)
	at org.testng.SuiteRunner.run(SuiteRunner.java:268)
	at org.testng.SuiteRunnerWorker.runSuite(SuiteRunnerWorker.java:52)
	at org.testng.SuiteRunnerWorker.run(SuiteRunnerWorker.java:86)
	at org.testng.TestNG.runSuitesSequentially(TestNG.java:1264)
	at org.testng.TestNG.runSuitesLocally(TestNG.java:1189)
	at org.testng.TestNG.runSuites(TestNG.java:1104)
	at org.testng.TestNG.run(TestNG.java:1076)
	at org.testng.remote.AbstractRemoteTestNG.run(AbstractRemoteTestNG.java:126)
	at org.testng.remote.RemoteTestNG.initAndRun(RemoteTestNG.java:152)
	at org.testng.remote.RemoteTestNG.main(RemoteTestNG.java:57)

</div> <!-- stack-trace -->
                </div> <!-- method-content -->
              </div> <!-- method -->
              <div class="method">
                <div class="method-content">
                  <a name="GetQuote({Drivers Age=-25, State=2, Gender=Male, Year=2011, TestCase.No=7, Email=a@gmail.com, Make=2})">
                  </a> <!-- GetQuote({Drivers Age=-25, State=2, Gender=Male, Year=2011, TestCase.No=7, Email=a@gmail.com, Make=2}) -->
                  <span class="method-name">GetQuote</span>
                  <span class="parameters">({Drivers Age=-25, State=2, Gender=Male, Year=2011, TestCase.No=7, Email=a@gmail.com, Make=2})</span>
                  <div class="stack-trace">java.lang.AssertionError: The application proceded inspite of invalid entry in the AGE field. The entered age is -25
 expected [true] but found [false]
	at org.testng.Assert.fail(Assert.java:94)
	at org.testng.Assert.failNotEquals(Assert.java:513)
	at org.testng.Assert.assertTrue(Assert.java:42)
	at com.carinsurance.testcases.TestGetCarQuote.GetQuote(TestGetCarQuote.java:121)
	at sun.reflect.NativeMethodAccessorImpl.invoke0(Native Method)
	at sun.reflect.NativeMethodAccessorImpl.invoke(Unknown Source)
	at sun.reflect.DelegatingMethodAccessorImpl.invoke(Unknown Source)
	at java.lang.reflect.Method.invoke(Unknown Source)
	at org.testng.internal.MethodInvocationHelper.invokeMethod(MethodInvocationHelper.java:100)
	at org.testng.internal.Invoker.invokeMethod(Invoker.java:646)
	at org.testng.internal.Invoker.invokeTestMethod(Invoker.java:811)
	at org.testng.internal.Invoker.invokeTestMethods(Invoker.java:1129)
	at org.testng.internal.TestMethodWorker.invokeTestMethods(TestMethodWorker.java:129)
	at org.testng.internal.TestMethodWorker.run(TestMethodWorker.java:112)
	at org.testng.TestRunner.privateRun(TestRunner.java:746)
	at org.testng.TestRunner.run(TestRunner.java:600)
	at org.testng.SuiteRunner.runTest(SuiteRunner.java:366)
	at org.testng.SuiteRunner.runSequentially(SuiteRunner.java:361)
	at org.testng.SuiteRunner.privateRun(SuiteRunner.java:319)
	at org.testng.SuiteRunner.run(SuiteRunner.java:268)
	at org.testng.SuiteRunnerWorker.runSuite(SuiteRunnerWorker.java:52)
	at org.testng.SuiteRunnerWorker.run(SuiteRunnerWorker.java:86)
	at org.testng.TestNG.runSuitesSequentially(TestNG.java:1264)
	at org.testng.TestNG.runSuitesLocally(TestNG.java:1189)
	at org.testng.TestNG.runSuites(TestNG.java:1104)
	at org.testng.TestNG.run(TestNG.java:1076)
	at org.testng.remote.AbstractRemoteTestNG.run(AbstractRemoteTestNG.java:126)
	at org.testng.remote.RemoteTestNG.initAndRun(RemoteTestNG.java:152)
	at org.testng.remote.RemoteTestNG.main(RemoteTestNG.java:57)

</div> <!-- stack-trace -->
                </div> <!-- method-content -->
              </div> <!-- method -->
              <div class="method">
                <div class="method-content">
                  <a name="GetQuote({Drivers Age=Testage, State=4, Gender=Female, Year=2015, TestCase.No=9, Email=c@abc.com, Make=3})">
                  </a> <!-- GetQuote({Drivers Age=Testage, State=4, Gender=Female, Year=2015, TestCase.No=9, Email=c@abc.com, Make=3}) -->
                  <span class="method-name">GetQuote</span>
                  <span class="parameters">({Drivers Age=Testage, State=4, Gender=Female, Year=2015, TestCase.No=9, Email=c@abc.com, Make=3})</span>
                  <div class="stack-trace">java.lang.AssertionError:  Age Entered is Testage expected [Valid age is required. Numeric, bigger than zero.] but found []
	at org.testng.Assert.fail(Assert.java:94)
	at org.testng.Assert.failNotEquals(Assert.java:513)
	at org.testng.Assert.assertEqualsImpl(Assert.java:135)
	at org.testng.Assert.assertEquals(Assert.java:116)
	at org.testng.Assert.assertEquals(Assert.java:190)
	at com.carinsurance.testcases.TestGetCarQuote.GetQuote(TestGetCarQuote.java:66)
	at sun.reflect.NativeMethodAccessorImpl.invoke0(Native Method)
	at sun.reflect.NativeMethodAccessorImpl.invoke(Unknown Source)
	at sun.reflect.DelegatingMethodAccessorImpl.invoke(Unknown Source)
	at java.lang.reflect.Method.invoke(Unknown Source)
	at org.testng.internal.MethodInvocationHelper.invokeMethod(MethodInvocationHelper.java:100)
	at org.testng.internal.Invoker.invokeMethod(Invoker.java:646)
	at org.testng.internal.Invoker.invokeTestMethod(Invoker.java:811)
	at org.testng.internal.Invoker.invokeTestMethods(Invoker.java:1129)
	at org.testng.internal.TestMethodWorker.invokeTestMethods(TestMethodWorker.java:129)
	at org.testng.internal.TestMethodWorker.run(TestMethodWorker.java:112)
	at org.testng.TestRunner.privateRun(TestRunner.java:746)
	at org.testng.TestRunner.run(TestRunner.java:600)
	at org.testng.SuiteRunner.runTest(SuiteRunner.java:366)
	at org.testng.SuiteRunner.runSequentially(SuiteRunner.java:361)
	at org.testng.SuiteRunner.privateRun(SuiteRunner.java:319)
	at org.testng.SuiteRunner.run(SuiteRunner.java:268)
	at org.testng.SuiteRunnerWorker.runSuite(SuiteRunnerWorker.java:52)
	at org.testng.SuiteRunnerWorker.run(SuiteRunnerWorker.java:86)
	at org.testng.TestNG.runSuitesSequentially(TestNG.java:1264)
	at org.testng.TestNG.runSuitesLocally(TestNG.java:1189)
	at org.testng.TestNG.runSuites(TestNG.java:1104)
	at org.testng.TestNG.run(TestNG.java:1076)
	at org.testng.remote.AbstractRemoteTestNG.run(AbstractRemoteTestNG.java:126)
	at org.testng.remote.RemoteTestNG.initAndRun(RemoteTestNG.java:152)
	at org.testng.remote.RemoteTestNG.main(RemoteTestNG.java:57)

</div> <!-- stack-trace -->
                </div> <!-- method-content -->
              </div> <!-- method -->
              <div class="method">
                <div class="method-content">
                  <a name="GetQuote({Drivers Age=356, State=5, Gender=Female, Year=20116, TestCase.No=6, Email=ac, Make=4})">
                  </a> <!-- GetQuote({Drivers Age=356, State=5, Gender=Female, Year=20116, TestCase.No=6, Email=ac, Make=4}) -->
                  <span class="method-name">GetQuote</span>
                  <span class="parameters">({Drivers Age=356, State=5, Gender=Female, Year=20116, TestCase.No=6, Email=ac, Make=4})</span>
                  <div class="stack-trace">java.lang.AssertionError:  Age Entered is 356 expected [Valid age is required. Numeric, bigger than zero.] but found []
	at org.testng.Assert.fail(Assert.java:94)
	at org.testng.Assert.failNotEquals(Assert.java:513)
	at org.testng.Assert.assertEqualsImpl(Assert.java:135)
	at org.testng.Assert.assertEquals(Assert.java:116)
	at org.testng.Assert.assertEquals(Assert.java:190)
	at com.carinsurance.testcases.TestGetCarQuote.GetQuote(TestGetCarQuote.java:66)
	at sun.reflect.NativeMethodAccessorImpl.invoke0(Native Method)
	at sun.reflect.NativeMethodAccessorImpl.invoke(Unknown Source)
	at sun.reflect.DelegatingMethodAccessorImpl.invoke(Unknown Source)
	at java.lang.reflect.Method.invoke(Unknown Source)
	at org.testng.internal.MethodInvocationHelper.invokeMethod(MethodInvocationHelper.java:100)
	at org.testng.internal.Invoker.invokeMethod(Invoker.java:646)
	at org.testng.internal.Invoker.invokeTestMethod(Invoker.java:811)
	at org.testng.internal.Invoker.invokeTestMethods(Invoker.java:1129)
	at org.testng.internal.TestMethodWorker.invokeTestMethods(TestMethodWorker.java:129)
	at org.testng.internal.TestMethodWorker.run(TestMethodWorker.java:112)
	at org.testng.TestRunner.privateRun(TestRunner.java:746)
	at org.testng.TestRunner.run(TestRunner.java:600)
	at org.testng.SuiteRunner.runTest(SuiteRunner.java:366)
	at org.testng.SuiteRunner.runSequentially(SuiteRunner.java:361)
	at org.testng.SuiteRunner.privateRun(SuiteRunner.java:319)
	at org.testng.SuiteRunner.run(SuiteRunner.java:268)
	at org.testng.SuiteRunnerWorker.runSuite(SuiteRunnerWorker.java:52)
	at org.testng.SuiteRunnerWorker.run(SuiteRunnerWorker.java:86)
	at org.testng.TestNG.runSuitesSequentially(TestNG.java:1264)
	at org.testng.TestNG.runSuitesLocally(TestNG.java:1189)
	at org.testng.TestNG.runSuites(TestNG.java:1104)
	at org.testng.TestNG.run(TestNG.java:1076)
	at org.testng.remote.AbstractRemoteTestNG.run(AbstractRemoteTestNG.java:126)
	at org.testng.remote.RemoteTestNG.initAndRun(RemoteTestNG.java:152)
	at org.testng.remote.RemoteTestNG.main(RemoteTestNG.java:57)

</div> <!-- stack-trace -->
                </div> <!-- method-content -->
              </div> <!-- method -->
              <div class="method">
                <div class="method-content">
                  <a name="GetQuote({Drivers Age=33, State=3, Gender=Female, Year=eeee.eeee, TestCase.No=11, Email=gh@gmail.com, Make=4})">
                  </a> <!-- GetQuote({Drivers Age=33, State=3, Gender=Female, Year=eeee.eeee, TestCase.No=11, Email=gh@gmail.com, Make=4}) -->
                  <span class="method-name">GetQuote</span>
                  <span class="parameters">({Drivers Age=33, State=3, Gender=Female, Year=eeee.eeee, TestCase.No=11, Email=gh@gmail.com, Make=4})</span>
                  <div class="stack-trace">java.lang.AssertionError: Year Entered is eeee.eeee expected [Valid year is required.] but found []
	at org.testng.Assert.fail(Assert.java:94)
	at org.testng.Assert.failNotEquals(Assert.java:513)
	at org.testng.Assert.assertEqualsImpl(Assert.java:135)
	at org.testng.Assert.assertEquals(Assert.java:116)
	at org.testng.Assert.assertEquals(Assert.java:190)
	at com.carinsurance.testcases.TestGetCarQuote.GetQuote(TestGetCarQuote.java:87)
	at sun.reflect.NativeMethodAccessorImpl.invoke0(Native Method)
	at sun.reflect.NativeMethodAccessorImpl.invoke(Unknown Source)
	at sun.reflect.DelegatingMethodAccessorImpl.invoke(Unknown Source)
	at java.lang.reflect.Method.invoke(Unknown Source)
	at org.testng.internal.MethodInvocationHelper.invokeMethod(MethodInvocationHelper.java:100)
	at org.testng.internal.Invoker.invokeMethod(Invoker.java:646)
	at org.testng.internal.Invoker.invokeTestMethod(Invoker.java:811)
	at org.testng.internal.Invoker.invokeTestMethods(Invoker.java:1129)
	at org.testng.internal.TestMethodWorker.invokeTestMethods(TestMethodWorker.java:129)
	at org.testng.internal.TestMethodWorker.run(TestMethodWorker.java:112)
	at org.testng.TestRunner.privateRun(TestRunner.java:746)
	at org.testng.TestRunner.run(TestRunner.java:600)
	at org.testng.SuiteRunner.runTest(SuiteRunner.java:366)
	at org.testng.SuiteRunner.runSequentially(SuiteRunner.java:361)
	at org.testng.SuiteRunner.privateRun(SuiteRunner.java:319)
	at org.testng.SuiteRunner.run(SuiteRunner.java:268)
	at org.testng.SuiteRunnerWorker.runSuite(SuiteRunnerWorker.java:52)
	at org.testng.SuiteRunnerWorker.run(SuiteRunnerWorker.java:86)
	at org.testng.TestNG.runSuitesSequentially(TestNG.java:1264)
	at org.testng.TestNG.runSuitesLocally(TestNG.java:1189)
	at org.testng.TestNG.runSuites(TestNG.java:1104)
	at org.testng.TestNG.run(TestNG.java:1076)
	at org.testng.remote.AbstractRemoteTestNG.run(AbstractRemoteTestNG.java:126)
	at org.testng.remote.RemoteTestNG.initAndRun(RemoteTestNG.java:152)
	at org.testng.remote.RemoteTestNG.main(RemoteTestNG.java:57)

</div> <!-- stack-trace -->
                </div> <!-- method-content -->
              </div> <!-- method -->
              <div class="method">
                <div class="method-content">
                  <a name="GetQuote({Drivers Age=65, State=3, Gender=Male, Year=2015, TestCase.No=14, Email=gh@gmailcom, Make=2})">
                  </a> <!-- GetQuote({Drivers Age=65, State=3, Gender=Male, Year=2015, TestCase.No=14, Email=gh@gmailcom, Make=2}) -->
                  <span class="method-name">GetQuote</span>
                  <span class="parameters">({Drivers Age=65, State=3, Gender=Male, Year=2015, TestCase.No=14, Email=gh@gmailcom, Make=2})</span>
                  <div class="stack-trace">java.lang.AssertionError: Email entered is gh@gmailcom expected [Valid email is required] but found []
	at org.testng.Assert.fail(Assert.java:94)
	at org.testng.Assert.failNotEquals(Assert.java:513)
	at org.testng.Assert.assertEqualsImpl(Assert.java:135)
	at org.testng.Assert.assertEquals(Assert.java:116)
	at org.testng.Assert.assertEquals(Assert.java:190)
	at com.carinsurance.testcases.TestGetCarQuote.GetQuote(TestGetCarQuote.java:108)
	at sun.reflect.NativeMethodAccessorImpl.invoke0(Native Method)
	at sun.reflect.NativeMethodAccessorImpl.invoke(Unknown Source)
	at sun.reflect.DelegatingMethodAccessorImpl.invoke(Unknown Source)
	at java.lang.reflect.Method.invoke(Unknown Source)
	at org.testng.internal.MethodInvocationHelper.invokeMethod(MethodInvocationHelper.java:100)
	at org.testng.internal.Invoker.invokeMethod(Invoker.java:646)
	at org.testng.internal.Invoker.invokeTestMethod(Invoker.java:811)
	at org.testng.internal.Invoker.invokeTestMethods(Invoker.java:1129)
	at org.testng.internal.TestMethodWorker.invokeTestMethods(TestMethodWorker.java:129)
	at org.testng.internal.TestMethodWorker.run(TestMethodWorker.java:112)
	at org.testng.TestRunner.privateRun(TestRunner.java:746)
	at org.testng.TestRunner.run(TestRunner.java:600)
	at org.testng.SuiteRunner.runTest(SuiteRunner.java:366)
	at org.testng.SuiteRunner.runSequentially(SuiteRunner.java:361)
	at org.testng.SuiteRunner.privateRun(SuiteRunner.java:319)
	at org.testng.SuiteRunner.run(SuiteRunner.java:268)
	at org.testng.SuiteRunnerWorker.runSuite(SuiteRunnerWorker.java:52)
	at org.testng.SuiteRunnerWorker.run(SuiteRunnerWorker.java:86)
	at org.testng.TestNG.runSuitesSequentially(TestNG.java:1264)
	at org.testng.TestNG.runSuitesLocally(TestNG.java:1189)
	at org.testng.TestNG.runSuites(TestNG.java:1104)
	at org.testng.TestNG.run(TestNG.java:1076)
	at org.testng.remote.AbstractRemoteTestNG.run(AbstractRemoteTestNG.java:126)
	at org.testng.remote.RemoteTestNG.initAndRun(RemoteTestNG.java:152)
	at org.testng.remote.RemoteTestNG.main(RemoteTestNG.java:57)

</div> <!-- stack-trace -->
                </div> <!-- method-content -->
              </div> <!-- method -->
              <div class="method">
                <div class="method-content">
                  <a name="GetQuote({Drivers Age=238, State=4, Gender=Female, Year=2015, TestCase.No=4, Email=normal@gmail.com, Make=3})">
                  </a> <!-- GetQuote({Drivers Age=238, State=4, Gender=Female, Year=2015, TestCase.No=4, Email=normal@gmail.com, Make=3}) -->
                  <span class="method-name">GetQuote</span>
                  <span class="parameters">({Drivers Age=238, State=4, Gender=Female, Year=2015, TestCase.No=4, Email=normal@gmail.com, Make=3})</span>
                  <div class="stack-trace">java.lang.AssertionError: The application proceded inspite of invalid entry in the AGE field. The entered age is 238
 expected [true] but found [false]
	at org.testng.Assert.fail(Assert.java:94)
	at org.testng.Assert.failNotEquals(Assert.java:513)
	at org.testng.Assert.assertTrue(Assert.java:42)
	at com.carinsurance.testcases.TestGetCarQuote.GetQuote(TestGetCarQuote.java:121)
	at sun.reflect.NativeMethodAccessorImpl.invoke0(Native Method)
	at sun.reflect.NativeMethodAccessorImpl.invoke(Unknown Source)
	at sun.reflect.DelegatingMethodAccessorImpl.invoke(Unknown Source)
	at java.lang.reflect.Method.invoke(Unknown Source)
	at org.testng.internal.MethodInvocationHelper.invokeMethod(MethodInvocationHelper.java:100)
	at org.testng.internal.Invoker.invokeMethod(Invoker.java:646)
	at org.testng.internal.Invoker.invokeTestMethod(Invoker.java:811)
	at org.testng.internal.Invoker.invokeTestMethods(Invoker.java:1129)
	at org.testng.internal.TestMethodWorker.invokeTestMethods(TestMethodWorker.java:129)
	at org.testng.internal.TestMethodWorker.run(TestMethodWorker.java:112)
	at org.testng.TestRunner.privateRun(TestRunner.java:746)
	at org.testng.TestRunner.run(TestRunner.java:600)
	at org.testng.SuiteRunner.runTest(SuiteRunner.java:366)
	at org.testng.SuiteRunner.runSequentially(SuiteRunner.java:361)
	at org.testng.SuiteRunner.privateRun(SuiteRunner.java:319)
	at org.testng.SuiteRunner.run(SuiteRunner.java:268)
	at org.testng.SuiteRunnerWorker.runSuite(SuiteRunnerWorker.java:52)
	at org.testng.SuiteRunnerWorker.run(SuiteRunnerWorker.java:86)
	at org.testng.TestNG.runSuitesSequentially(TestNG.java:1264)
	at org.testng.TestNG.runSuitesLocally(TestNG.java:1189)
	at org.testng.TestNG.runSuites(TestNG.java:1104)
	at org.testng.TestNG.run(TestNG.java:1076)
	at org.testng.remote.AbstractRemoteTestNG.run(AbstractRemoteTestNG.java:126)
	at org.testng.remote.RemoteTestNG.initAndRun(RemoteTestNG.java:152)
	at org.testng.remote.RemoteTestNG.main(RemoteTestNG.java:57)

</div> <!-- stack-trace -->
                </div> <!-- method-content -->
              </div> <!-- method -->
              <div class="method">
                <div class="method-content">
                  <a name="GetQuote({Drivers Age=20, State=3, Gender=, Year=201478, TestCase.No=3, Email=normal@gmail.com, Make=3})">
                  </a> <!-- GetQuote({Drivers Age=20, State=3, Gender=, Year=201478, TestCase.No=3, Email=normal@gmail.com, Make=3}) -->
                  <span class="method-name">GetQuote</span>
                  <span class="parameters">({Drivers Age=20, State=3, Gender=, Year=201478, TestCase.No=3, Email=normal@gmail.com, Make=3})</span>
                  <div class="stack-trace">java.lang.AssertionError: The application proceded inspite of invalid entry in the YEAR field. The entered year is 201478
 expected [true] but found [false]
	at org.testng.Assert.fail(Assert.java:94)
	at org.testng.Assert.failNotEquals(Assert.java:513)
	at org.testng.Assert.assertTrue(Assert.java:42)
	at com.carinsurance.testcases.TestGetCarQuote.GetQuote(TestGetCarQuote.java:120)
	at sun.reflect.NativeMethodAccessorImpl.invoke0(Native Method)
	at sun.reflect.NativeMethodAccessorImpl.invoke(Unknown Source)
	at sun.reflect.DelegatingMethodAccessorImpl.invoke(Unknown Source)
	at java.lang.reflect.Method.invoke(Unknown Source)
	at org.testng.internal.MethodInvocationHelper.invokeMethod(MethodInvocationHelper.java:100)
	at org.testng.internal.Invoker.invokeMethod(Invoker.java:646)
	at org.testng.internal.Invoker.invokeTestMethod(Invoker.java:811)
	at org.testng.internal.Invoker.invokeTestMethods(Invoker.java:1129)
	at org.testng.internal.TestMethodWorker.invokeTestMethods(TestMethodWorker.java:129)
	at org.testng.internal.TestMethodWorker.run(TestMethodWorker.java:112)
	at org.testng.TestRunner.privateRun(TestRunner.java:746)
	at org.testng.TestRunner.run(TestRunner.java:600)
	at org.testng.SuiteRunner.runTest(SuiteRunner.java:366)
	at org.testng.SuiteRunner.runSequentially(SuiteRunner.java:361)
	at org.testng.SuiteRunner.privateRun(SuiteRunner.java:319)
	at org.testng.SuiteRunner.run(SuiteRunner.java:268)
	at org.testng.SuiteRunnerWorker.runSuite(SuiteRunnerWorker.java:52)
	at org.testng.SuiteRunnerWorker.run(SuiteRunnerWorker.java:86)
	at org.testng.TestNG.runSuitesSequentially(TestNG.java:1264)
	at org.testng.TestNG.runSuitesLocally(TestNG.java:1189)
	at org.testng.TestNG.runSuites(TestNG.java:1104)
	at org.testng.TestNG.run(TestNG.java:1076)
	at org.testng.remote.AbstractRemoteTestNG.run(AbstractRemoteTestNG.java:126)
	at org.testng.remote.RemoteTestNG.initAndRun(RemoteTestNG.java:152)
	at org.testng.remote.RemoteTestNG.main(RemoteTestNG.java:57)

</div> <!-- stack-trace -->
                </div> <!-- method-content -->
              </div> <!-- method -->
              <div class="method">
                <div class="method-content">
                  <a name="GetQuote({Drivers Age=0, State=3, Gender=Female, Year=2015, TestCase.No=12, Email=gh@gmail.com, Make=2})">
                  </a> <!-- GetQuote({Drivers Age=0, State=3, Gender=Female, Year=2015, TestCase.No=12, Email=gh@gmail.com, Make=2}) -->
                  <span class="method-name">GetQuote</span>
                  <span class="parameters">({Drivers Age=0, State=3, Gender=Female, Year=2015, TestCase.No=12, Email=gh@gmail.com, Make=2})</span>
                  <div class="stack-trace">java.lang.AssertionError: The application proceded inspite of invalid entry in the AGE field. The entered age is 0
 expected [true] but found [false]
	at org.testng.Assert.fail(Assert.java:94)
	at org.testng.Assert.failNotEquals(Assert.java:513)
	at org.testng.Assert.assertTrue(Assert.java:42)
	at com.carinsurance.testcases.TestGetCarQuote.GetQuote(TestGetCarQuote.java:121)
	at sun.reflect.NativeMethodAccessorImpl.invoke0(Native Method)
	at sun.reflect.NativeMethodAccessorImpl.invoke(Unknown Source)
	at sun.reflect.DelegatingMethodAccessorImpl.invoke(Unknown Source)
	at java.lang.reflect.Method.invoke(Unknown Source)
	at org.testng.internal.MethodInvocationHelper.invokeMethod(MethodInvocationHelper.java:100)
	at org.testng.internal.Invoker.invokeMethod(Invoker.java:646)
	at org.testng.internal.Invoker.invokeTestMethod(Invoker.java:811)
	at org.testng.internal.Invoker.invokeTestMethods(Invoker.java:1129)
	at org.testng.internal.TestMethodWorker.invokeTestMethods(TestMethodWorker.java:129)
	at org.testng.internal.TestMethodWorker.run(TestMethodWorker.java:112)
	at org.testng.TestRunner.privateRun(TestRunner.java:746)
	at org.testng.TestRunner.run(TestRunner.java:600)
	at org.testng.SuiteRunner.runTest(SuiteRunner.java:366)
	at org.testng.SuiteRunner.runSequentially(SuiteRunner.java:361)
	at org.testng.SuiteRunner.privateRun(SuiteRunner.java:319)
	at org.testng.SuiteRunner.run(SuiteRunner.java:268)
	at org.testng.SuiteRunnerWorker.runSuite(SuiteRunnerWorker.java:52)
	at org.testng.SuiteRunnerWorker.run(SuiteRunnerWorker.java:86)
	at org.testng.TestNG.runSuitesSequentially(TestNG.java:1264)
	at org.testng.TestNG.runSuitesLocally(TestNG.java:1189)
	at org.testng.TestNG.runSuites(TestNG.java:1104)
	at org.testng.TestNG.run(TestNG.java:1076)
	at org.testng.remote.AbstractRemoteTestNG.run(AbstractRemoteTestNG.java:126)
	at org.testng.remote.RemoteTestNG.initAndRun(RemoteTestNG.java:152)
	at org.testng.remote.RemoteTestNG.main(RemoteTestNG.java:57)

</div> <!-- stack-trace -->
                </div> <!-- method-content -->
              </div> <!-- method -->
              <div class="method">
                <div class="method-content">
                  <a name="GetQuote({Drivers Age=44, State=4, Gender=Female, Year=0, TestCase.No=13, Email=abcgh@gmail.com, Make=3})">
                  </a> <!-- GetQuote({Drivers Age=44, State=4, Gender=Female, Year=0, TestCase.No=13, Email=abcgh@gmail.com, Make=3}) -->
                  <span class="method-name">GetQuote</span>
                  <span class="parameters">({Drivers Age=44, State=4, Gender=Female, Year=0, TestCase.No=13, Email=abcgh@gmail.com, Make=3})</span>
                  <div class="stack-trace">java.lang.AssertionError: The application proceded inspite of invalid entry in the YEAR field. The entered year is 0
 expected [true] but found [false]
	at org.testng.Assert.fail(Assert.java:94)
	at org.testng.Assert.failNotEquals(Assert.java:513)
	at org.testng.Assert.assertTrue(Assert.java:42)
	at com.carinsurance.testcases.TestGetCarQuote.GetQuote(TestGetCarQuote.java:120)
	at sun.reflect.NativeMethodAccessorImpl.invoke0(Native Method)
	at sun.reflect.NativeMethodAccessorImpl.invoke(Unknown Source)
	at sun.reflect.DelegatingMethodAccessorImpl.invoke(Unknown Source)
	at java.lang.reflect.Method.invoke(Unknown Source)
	at org.testng.internal.MethodInvocationHelper.invokeMethod(MethodInvocationHelper.java:100)
	at org.testng.internal.Invoker.invokeMethod(Invoker.java:646)
	at org.testng.internal.Invoker.invokeTestMethod(Invoker.java:811)
	at org.testng.internal.Invoker.invokeTestMethods(Invoker.java:1129)
	at org.testng.internal.TestMethodWorker.invokeTestMethods(TestMethodWorker.java:129)
	at org.testng.internal.TestMethodWorker.run(TestMethodWorker.java:112)
	at org.testng.TestRunner.privateRun(TestRunner.java:746)
	at org.testng.TestRunner.run(TestRunner.java:600)
	at org.testng.SuiteRunner.runTest(SuiteRunner.java:366)
	at org.testng.SuiteRunner.runSequentially(SuiteRunner.java:361)
	at org.testng.SuiteRunner.privateRun(SuiteRunner.java:319)
	at org.testng.SuiteRunner.run(SuiteRunner.java:268)
	at org.testng.SuiteRunnerWorker.runSuite(SuiteRunnerWorker.java:52)
	at org.testng.SuiteRunnerWorker.run(SuiteRunnerWorker.java:86)
	at org.testng.TestNG.runSuitesSequentially(TestNG.java:1264)
	at org.testng.TestNG.runSuitesLocally(TestNG.java:1189)
	at org.testng.TestNG.runSuites(TestNG.java:1104)
	at org.testng.TestNG.run(TestNG.java:1076)
	at org.testng.remote.AbstractRemoteTestNG.run(AbstractRemoteTestNG.java:126)
	at org.testng.remote.RemoteTestNG.initAndRun(RemoteTestNG.java:152)
	at org.testng.remote.RemoteTestNG.main(RemoteTestNG.java:57)

</div> <!-- stack-trace -->
                </div> <!-- method-content -->
              </div> <!-- method -->
            </div> <!-- main-panel-content rounded-window-bottom -->
          </div> <!-- suite-Default_suite-class-failed -->
          <div class="suite-Default_suite-class-passed">
            <div class="main-panel-header rounded-window-top">
              <img src="passed.png"/>
              <span class="class-name">com.carinsurance.testcases.TestGetCarQuote</span>
            </div> <!-- main-panel-header rounded-window-top -->
            <div class="main-panel-content rounded-window-bottom">
              <div class="method">
                <div class="method-content">
                  <a name="GetQuote({Drivers Age=, State=2, Gender=Male, Year=2013, TestCase.No=2, Email=normal@gmail.com, Make=2})">
                  </a> <!-- GetQuote({Drivers Age=, State=2, Gender=Male, Year=2013, TestCase.No=2, Email=normal@gmail.com, Make=2}) -->
                  <span class="method-name">GetQuote</span>
                  <span class="parameters">({Drivers Age=, State=2, Gender=Male, Year=2013, TestCase.No=2, Email=normal@gmail.com, Make=2})</span>
                </div> <!-- method-content -->
              </div> <!-- method -->
              <div class="method">
                <div class="method-content">
                  <a name="GetQuote({Drivers Age=34, State=5, Gender=Female, Year=2016, TestCase.No=5, Email=abc@gmail.com, Make=4})">
                  </a> <!-- GetQuote({Drivers Age=34, State=5, Gender=Female, Year=2016, TestCase.No=5, Email=abc@gmail.com, Make=4}) -->
                  <span class="method-name">GetQuote</span>
                  <span class="parameters">({Drivers Age=34, State=5, Gender=Female, Year=2016, TestCase.No=5, Email=abc@gmail.com, Make=4})</span>
                </div> <!-- method-content -->
              </div> <!-- method -->
              <div class="method">
                <div class="method-content">
                  <a name="GetQuote({Drivers Age=45, State=1, Gender=Female, Year=2000, TestCase.No=1, Email=, Make=1})">
                  </a> <!-- GetQuote({Drivers Age=45, State=1, Gender=Female, Year=2000, TestCase.No=1, Email=, Make=1}) -->
                  <span class="method-name">GetQuote</span>
                  <span class="parameters">({Drivers Age=45, State=1, Gender=Female, Year=2000, TestCase.No=1, Email=, Make=1})</span>
                </div> <!-- method-content -->
              </div> <!-- method -->
            </div> <!-- main-panel-content rounded-window-bottom -->
          </div> <!-- suite-Default_suite-class-passed -->
        </div> <!-- panel Default_suite -->
        <div panel-name="test-xml-Default_suite" class="panel">
          <div class="main-panel-header rounded-window-top">
            <span class="header-content">C:\Users\sijoy\AppData\Local\Temp\testng-eclipse--1789548596\testng-customsuite.xml</span>
          </div> <!-- main-panel-header rounded-window-top -->
          <div class="main-panel-content rounded-window-bottom">
            <pre>
&lt;?xml version=&quot;1.0&quot; encoding=&quot;UTF-8&quot;?&gt;
&lt;!DOCTYPE suite SYSTEM &quot;http://testng.org/testng-1.0.dtd&quot;&gt;
&lt;suite guice-stage=&quot;DEVELOPMENT&quot; name=&quot;Default suite&quot;&gt;
  &lt;test verbose=&quot;2&quot; name=&quot;Default test&quot;&gt;
    &lt;classes&gt;
      &lt;class name=&quot;com.carinsurance.testcases.TestGetCarQuote&quot;/&gt;
    &lt;/classes&gt;
  &lt;/test&gt; &lt;!-- Default test --&gt;
&lt;/suite&gt; &lt;!-- Default suite --&gt;
            </pre>
          </div> <!-- main-panel-content rounded-window-bottom -->
        </div> <!-- panel -->
        <div panel-name="testlist-Default_suite" class="panel">
          <div class="main-panel-header rounded-window-top">
            <span class="header-content">Tests for Default suite</span>
          </div> <!-- main-panel-header rounded-window-top -->
          <div class="main-panel-content rounded-window-bottom">
            <ul>
              <li>
                <span class="test-name">Default test (1 class)</span>
              </li>
            </ul>
          </div> <!-- main-panel-content rounded-window-bottom -->
        </div> <!-- panel -->
        <div panel-name="group-Default_suite" class="panel">
          <div class="main-panel-header rounded-window-top">
            <span class="header-content">Groups for Default suite</span>
          </div> <!-- main-panel-header rounded-window-top -->
          <div class="main-panel-content rounded-window-bottom">
          </div> <!-- main-panel-content rounded-window-bottom -->
        </div> <!-- panel -->
        <div panel-name="times-Default_suite" class="panel">
          <div class="main-panel-header rounded-window-top">
            <span class="header-content">Times for Default suite</span>
          </div> <!-- main-panel-header rounded-window-top -->
          <div class="main-panel-content rounded-window-bottom">
            <div class="times-div">
              <script type="text/javascript">
suiteTableInitFunctions.push('tableData_Default_suite');
function tableData_Default_suite() {
var data = new google.visualization.DataTable();
data.addColumn('number', 'Number');
data.addColumn('string', 'Method');
data.addColumn('string', 'Class');
data.addColumn('number', 'Time (ms)');
data.addRows(14);
data.setCell(0, 0, 0)
data.setCell(0, 1, 'GetQuote')
data.setCell(0, 2, 'com.carinsurance.testcases.TestGetCarQuote')
data.setCell(0, 3, 35437);
data.setCell(1, 0, 1)
data.setCell(1, 1, 'GetQuote')
data.setCell(1, 2, 'com.carinsurance.testcases.TestGetCarQuote')
data.setCell(1, 3, 35037);
data.setCell(2, 0, 2)
data.setCell(2, 1, 'GetQuote')
data.setCell(2, 2, 'com.carinsurance.testcases.TestGetCarQuote')
data.setCell(2, 3, 34938);
data.setCell(3, 0, 3)
data.setCell(3, 1, 'GetQuote')
data.setCell(3, 2, 'com.carinsurance.testcases.TestGetCarQuote')
data.setCell(3, 3, 34934);
data.setCell(4, 0, 4)
data.setCell(4, 1, 'GetQuote')
data.setCell(4, 2, 'com.carinsurance.testcases.TestGetCarQuote')
data.setCell(4, 3, 34905);
data.setCell(5, 0, 5)
data.setCell(5, 1, 'GetQuote')
data.setCell(5, 2, 'com.carinsurance.testcases.TestGetCarQuote')
data.setCell(5, 3, 12877);
data.setCell(6, 0, 6)
data.setCell(6, 1, 'GetQuote')
data.setCell(6, 2, 'com.carinsurance.testcases.TestGetCarQuote')
data.setCell(6, 3, 7039);
data.setCell(7, 0, 7)
data.setCell(7, 1, 'GetQuote')
data.setCell(7, 2, 'com.carinsurance.testcases.TestGetCarQuote')
data.setCell(7, 3, 7024);
data.setCell(8, 0, 8)
data.setCell(8, 1, 'GetQuote')
data.setCell(8, 2, 'com.carinsurance.testcases.TestGetCarQuote')
data.setCell(8, 3, 6707);
data.setCell(9, 0, 9)
data.setCell(9, 1, 'GetQuote')
data.setCell(9, 2, 'com.carinsurance.testcases.TestGetCarQuote')
data.setCell(9, 3, 6572);
data.setCell(10, 0, 10)
data.setCell(10, 1, 'GetQuote')
data.setCell(10, 2, 'com.carinsurance.testcases.TestGetCarQuote')
data.setCell(10, 3, 6502);
data.setCell(11, 0, 11)
data.setCell(11, 1, 'GetQuote')
data.setCell(11, 2, 'com.carinsurance.testcases.TestGetCarQuote')
data.setCell(11, 3, 6442);
data.setCell(12, 0, 12)
data.setCell(12, 1, 'GetQuote')
data.setCell(12, 2, 'com.carinsurance.testcases.TestGetCarQuote')
data.setCell(12, 3, 3519);
data.setCell(13, 0, 13)
data.setCell(13, 1, 'GetQuote')
data.setCell(13, 2, 'com.carinsurance.testcases.TestGetCarQuote')
data.setCell(13, 3, 3447);
window.suiteTableData['Default_suite']= { tableData: data, tableDiv: 'times-div-Default_suite'}
return data;
}
              </script>
              <span class="suite-total-time">Total running time: 3 minutes</span>
              <div id="times-div-Default_suite">
              </div> <!-- times-div-Default_suite -->
            </div> <!-- times-div -->
          </div> <!-- main-panel-content rounded-window-bottom -->
        </div> <!-- panel -->
        <div panel-name="reporter-Default_suite" class="panel">
          <div class="main-panel-header rounded-window-top">
            <span class="header-content">Reporter output for Default suite</span>
          </div> <!-- main-panel-header rounded-window-top -->
          <div class="main-panel-content rounded-window-bottom">
            <div class="reporter-method-div">
              <span class="reporter-method-name">GetQuote({Drivers Age=, State=2, Gender=Male, Year=2013, TestCase.No=2, Email=normal@gmail.com, Make=2})</span>
              <div class="reporter-method-output-div">
                <span class="reporter-method-output">The valid error message is displayed.The test passed</span>
              </div> <!-- reporter-method-output-div -->
            </div> <!-- reporter-method-div -->
            <div class="reporter-method-div">
              <span class="reporter-method-name">GetQuote({Drivers Age=34, State=5, Gender=Female, Year=2016, TestCase.No=5, Email=abc@gmail.com, Make=4})</span>
              <div class="reporter-method-output-div">
                <span class="reporter-method-output">Test Passed.The monthly premium is $115.10</span>
              </div> <!-- reporter-method-output-div -->
            </div> <!-- reporter-method-div -->
            <div class="reporter-method-div">
              <span class="reporter-method-name">GetQuote({Drivers Age=45, State=1, Gender=Female, Year=2000, TestCase.No=1, Email=, Make=1})</span>
              <div class="reporter-method-output-div">
                <span class="reporter-method-output">The valid error message is displayed.The test passed</span>
              </div> <!-- reporter-method-output-div -->
            </div> <!-- reporter-method-div -->
          </div> <!-- main-panel-content rounded-window-bottom -->
        </div> <!-- panel -->
        <div panel-name="ignored-methods-Default_suite" class="panel">
          <div class="main-panel-header rounded-window-top">
            <span class="header-content">0 ignored methods</span>
          </div> <!-- main-panel-header rounded-window-top -->
          <div class="main-panel-content rounded-window-bottom">
          </div> <!-- main-panel-content rounded-window-bottom -->
        </div> <!-- panel -->
        <div panel-name="chronological-Default_suite" class="panel">
          <div class="main-panel-header rounded-window-top">
            <span class="header-content">Methods in chronological order</span>
          </div> <!-- main-panel-header rounded-window-top -->
          <div class="main-panel-content rounded-window-bottom">
            <div class="chronological-class">
              <div class="chronological-class-name">com.carinsurance.testcases.TestGetCarQuote</div> <!-- chronological-class-name -->
              <div class="test-method">
                <span class="method-name">GetQuote({Drivers Age=45, State=1, Gender=Female, Year=2000, TestCase.No=1, Email=, Make=1})</span>
                <span class="method-start">0 ms</span>
              </div> <!-- test-method -->
              <div class="test-method">
                <span class="method-name">GetQuote({Drivers Age=, State=2, Gender=Male, Year=2013, TestCase.No=2, Email=normal@gmail.com, Make=2})</span>
                <span class="method-start">35039 ms</span>
              </div> <!-- test-method -->
              <div class="test-method">
                <img src="failed.png">
                </img>
                <span class="method-name">GetQuote({Drivers Age=20, State=3, Gender=, Year=201478, TestCase.No=3, Email=normal@gmail.com, Make=3})</span>
                <span class="method-start">70477 ms</span>
              </div> <!-- test-method -->
              <div class="test-method">
                <img src="failed.png">
                </img>
                <span class="method-name">GetQuote({Drivers Age=238, State=4, Gender=Female, Year=2015, TestCase.No=4, Email=normal@gmail.com, Make=3})</span>
                <span class="method-start">77504 ms</span>
              </div> <!-- test-method -->
              <div class="test-method">
                <span class="method-name">GetQuote({Drivers Age=34, State=5, Gender=Female, Year=2016, TestCase.No=5, Email=abc@gmail.com, Make=4})</span>
                <span class="method-start">84544 ms</span>
              </div> <!-- test-method -->
              <div class="test-method">
                <img src="failed.png">
                </img>
                <span class="method-name">GetQuote({Drivers Age=356, State=5, Gender=Female, Year=20116, TestCase.No=6, Email=ac, Make=4})</span>
                <span class="method-start">97422 ms</span>
              </div> <!-- test-method -->
              <div class="test-method">
                <img src="failed.png">
                </img>
                <span class="method-name">GetQuote({Drivers Age=-25, State=2, Gender=Male, Year=2011, TestCase.No=7, Email=a@gmail.com, Make=2})</span>
                <span class="method-start">100943 ms</span>
              </div> <!-- test-method -->
              <div class="test-method">
                <img src="failed.png">
                </img>
                <span class="method-name">GetQuote({Drivers Age=35, State=3, Gender=Male, Year=-2022, TestCase.No=8, Email=b@yahoo.com, Make=3})</span>
                <span class="method-start">107517 ms</span>
              </div> <!-- test-method -->
              <div class="test-method">
                <img src="failed.png">
                </img>
                <span class="method-name">GetQuote({Drivers Age=Testage, State=4, Gender=Female, Year=2015, TestCase.No=9, Email=c@abc.com, Make=3})</span>
                <span class="method-start">114021 ms</span>
              </div> <!-- test-method -->
              <div class="test-method">
                <img src="failed.png">
                </img>
                <span class="method-name">GetQuote({Drivers Age=eeee.eeee, State=5, Gender=Male, Year=2017, TestCase.No=10, Email=xtz@gmail.com, Make=4...)</span>
                <span class="method-start">148956 ms</span>
              </div> <!-- test-method -->
              <div class="test-method">
                <img src="failed.png">
                </img>
                <span class="method-name">GetQuote({Drivers Age=33, State=3, Gender=Female, Year=eeee.eeee, TestCase.No=11, Email=gh@gmail.com, Make=4})</span>
                <span class="method-start">183896 ms</span>
              </div> <!-- test-method -->
              <div class="test-method">
                <img src="failed.png">
                </img>
                <span class="method-name">GetQuote({Drivers Age=0, State=3, Gender=Female, Year=2015, TestCase.No=12, Email=gh@gmail.com, Make=2})</span>
                <span class="method-start">218802 ms</span>
              </div> <!-- test-method -->
              <div class="test-method">
                <img src="failed.png">
                </img>
                <span class="method-name">GetQuote({Drivers Age=44, State=4, Gender=Female, Year=0, TestCase.No=13, Email=abcgh@gmail.com, Make=3})</span>
                <span class="method-start">225511 ms</span>
              </div> <!-- test-method -->
              <div class="test-method">
                <img src="failed.png">
                </img>
                <span class="method-name">GetQuote({Drivers Age=65, State=3, Gender=Male, Year=2015, TestCase.No=14, Email=gh@gmailcom, Make=2})</span>
                <span class="method-start">231954 ms</span>
              </div> <!-- test-method -->
              <div class="configuration-test after">
                <span class="method-name">Teardown</span>
                <span class="method-start">235402 ms</span>
              </div> <!-- configuration-test after -->
          </div> <!-- main-panel-content rounded-window-bottom -->
        </div> <!-- panel -->
      </div> <!-- main-panel-root -->
    </div> <!-- wrapper -->
  </body>
</html>
